[debug] [2018-03-20T23:42:59.919Z] ----------------------------------------------------------------------
[debug] [2018-03-20T23:42:59.921Z] Command:       /usr/local/Cellar/node/9.4.0/bin/node /usr/local/bin/firebase serve
[debug] [2018-03-20T23:42:59.921Z] CLI Version:   3.17.5
[debug] [2018-03-20T23:42:59.922Z] Platform:      darwin
[debug] [2018-03-20T23:42:59.922Z] Node Version:  v9.4.0
[debug] [2018-03-20T23:42:59.922Z] Time:          Tue Mar 20 2018 18:42:59 GMT-0500 (CDT)
[debug] [2018-03-20T23:42:59.922Z] ----------------------------------------------------------------------
[debug] 
[debug] [2018-03-20T23:42:59.938Z] > command requires scopes: ["email","openid","https://www.googleapis.com/auth/cloudplatformprojects.readonly","https://www.googleapis.com/auth/firebase","https://www.googleapis.com/auth/cloud-platform"]
[debug] [2018-03-20T23:42:59.938Z] > authorizing via signed-in user
[debug] [2018-03-20T23:42:59.939Z] > refreshing access token with scopes: ["email","https://www.googleapis.com/auth/cloud-platform","https://www.googleapis.com/auth/cloudplatformprojects.readonly","https://www.googleapis.com/auth/firebase","openid"]
[debug] [2018-03-20T23:42:59.939Z] >>> HTTP REQUEST POST https://www.googleapis.com/oauth2/v3/token  
 { refresh_token: '1/1H156yQtgJK8-mXpNtomkVSJCdxU7RDKuAT2GnGlQUBXnajXUjuMT1Hg1BDSPC9l',
  client_id: '563584335869-fgrhgmd47bqnekij5i8b5pr03ho849e6.apps.googleusercontent.com',
  client_secret: 'j9iVZfS8kkCEFUPaAeJV0sAi',
  grant_type: 'refresh_token',
  scope: 'email https://www.googleapis.com/auth/cloud-platform https://www.googleapis.com/auth/cloudplatformprojects.readonly https://www.googleapis.com/auth/firebase openid' } 
 Tue Mar 20 2018 18:42:59 GMT-0500 (CDT)
[debug] [2018-03-20T23:43:00.086Z] <<< HTTP RESPONSE 200
[debug] [2018-03-20T23:43:00.093Z] >>> HTTP REQUEST GET https://admin.firebase.com/v1/projects/proj0324  
  
 Tue Mar 20 2018 18:43:00 GMT-0500 (CDT)
[debug] [2018-03-20T23:43:00.468Z] <<< HTTP RESPONSE 200
[debug] [2018-03-20T23:43:00.469Z] >>> HTTP REQUEST GET https://admin.firebase.com/v1/database/proj0324/tokens  
  
 Tue Mar 20 2018 18:43:00 GMT-0500 (CDT)
[debug] [2018-03-20T23:43:00.758Z] <<< HTTP RESPONSE 200
[debug] [2018-03-20T23:43:00.759Z] >>> HTTP REQUEST GET https://cloudresourcemanager.googleapis.com/v1/projects/proj0324  
  
 Tue Mar 20 2018 18:43:00 GMT-0500 (CDT)
[debug] [2018-03-20T23:43:00.996Z] <<< HTTP RESPONSE 200
[info] 
[info] === Serving from '/Users/evan/Desktop/project-one'...
[info] 
[debug] [2018-03-20T23:43:00.999Z] >>> HTTP REQUEST GET https://mobilesdk-pa.googleapis.com/v1/projects/978329944664/clients/_:getWebAppConfig  
  
 Tue Mar 20 2018 18:43:00 GMT-0500 (CDT)
[debug] [2018-03-20T23:43:01.513Z] <<< HTTP RESPONSE 200
[info] i  hosting: Serving hosting files from: public
[info] ✔  hosting: Local server: http://localhost:5000

[debug] [2018-03-21T00:03:34.920Z] ----------------------------------------------------------------------
[debug] [2018-03-21T00:03:34.922Z] Command:       /usr/local/Cellar/node/9.4.0/bin/node /usr/local/bin/firebase serve
[debug] [2018-03-21T00:03:34.923Z] CLI Version:   3.17.5
[debug] [2018-03-21T00:03:34.923Z] Platform:      darwin
[debug] [2018-03-21T00:03:34.923Z] Node Version:  v9.4.0
[debug] [2018-03-21T00:03:34.923Z] Time:          Tue Mar 20 2018 19:03:34 GMT-0500 (CDT)
[debug] [2018-03-21T00:03:34.923Z] ----------------------------------------------------------------------
[debug] 
[debug] [2018-03-21T00:03:34.938Z] > command requires scopes: ["email","openid","https://www.googleapis.com/auth/cloudplatformprojects.readonly","https://www.googleapis.com/auth/firebase","https://www.googleapis.com/auth/cloud-platform"]
[debug] [2018-03-21T00:03:34.939Z] > authorizing via signed-in user
[debug] [2018-03-21T00:03:34.940Z] >>> HTTP REQUEST GET https://admin.firebase.com/v1/projects/proj0324  
  
 Tue Mar 20 2018 19:03:34 GMT-0500 (CDT)
[debug] [2018-03-21T00:03:35.288Z] <<< HTTP RESPONSE 200
[debug] [2018-03-21T00:03:35.288Z] >>> HTTP REQUEST GET https://admin.firebase.com/v1/database/proj0324/tokens  
  
 Tue Mar 20 2018 19:03:35 GMT-0500 (CDT)
[debug] [2018-03-21T00:03:35.694Z] <<< HTTP RESPONSE 200
[debug] [2018-03-21T00:03:35.695Z] >>> HTTP REQUEST GET https://cloudresourcemanager.googleapis.com/v1/projects/proj0324  
  
 Tue Mar 20 2018 19:03:35 GMT-0500 (CDT)
[debug] [2018-03-21T00:03:35.854Z] <<< HTTP RESPONSE 200
[info] 
[info] === Serving from '/Users/evan/Desktop/project-one'...
[info] 
[debug] [2018-03-21T00:03:35.856Z] >>> HTTP REQUEST GET https://mobilesdk-pa.googleapis.com/v1/projects/978329944664/clients/_:getWebAppConfig  
  
 Tue Mar 20 2018 19:03:35 GMT-0500 (CDT)
[debug] [2018-03-21T00:03:36.253Z] <<< HTTP RESPONSE 200
[info] i  hosting: Serving hosting files from: public
[info] ✔  hosting: Local server: http://localhost:5000

